<?xml version="1.0" encoding="UTF-8"?>
<testng-results skipped="0" failed="0" ignored="0" total="0" passed="0">
  <reporter-output>
  </reporter-output>
  <suite name="Suite" duration-ms="8" started-at="2021-06-26T14:11:07Z" finished-at="2021-06-26T14:11:07Z">
    <groups>
    </groups>
    <test name="Chrome Test" duration-ms="8" started-at="2021-06-26T14:11:07Z" finished-at="2021-06-26T14:11:07Z">
    </test> <!-- Chrome Test -->
    <test name="edge Test" duration-ms="8" started-at="2021-06-26T14:11:07Z" finished-at="2021-06-26T14:11:07Z">
    </test> <!-- edge Test -->
    <test name="FireFox Test" duration-ms="8" started-at="2021-06-26T14:11:07Z" finished-at="2021-06-26T14:11:07Z">
    </test> <!-- FireFox Test -->
  </suite> <!-- Suite -->
</testng-results>
